2022-09-19 11:44:42,342 INFO o.a.j.u.JMeterUtils: Setting Locale to en_EN
2022-09-19 11:44:42,355 INFO o.a.j.JMeter: Loading user properties from: /opt/homebrew/Cellar/jmeter/5.5/libexec/bin/user.properties
2022-09-19 11:44:42,355 INFO o.a.j.JMeter: Loading system properties from: /opt/homebrew/Cellar/jmeter/5.5/libexec/bin/system.properties
2022-09-19 11:44:42,358 INFO o.a.j.JMeter: Copyright (c) 1998-2022 The Apache Software Foundation
2022-09-19 11:44:42,358 INFO o.a.j.JMeter: Version 5.5
2022-09-19 11:44:42,358 INFO o.a.j.JMeter: java.version=18.0.2.1
2022-09-19 11:44:42,358 INFO o.a.j.JMeter: java.vm.name=OpenJDK 64-Bit Server VM
2022-09-19 11:44:42,358 INFO o.a.j.JMeter: os.name=Mac OS X
2022-09-19 11:44:42,358 INFO o.a.j.JMeter: os.arch=aarch64
2022-09-19 11:44:42,358 INFO o.a.j.JMeter: os.version=12.6
2022-09-19 11:44:42,358 INFO o.a.j.JMeter: file.encoding=UTF-8
2022-09-19 11:44:42,358 INFO o.a.j.JMeter: java.awt.headless=null
2022-09-19 11:44:42,359 INFO o.a.j.JMeter: Max memory     =1073741824
2022-09-19 11:44:42,359 INFO o.a.j.JMeter: Available Processors =8
2022-09-19 11:44:42,363 INFO o.a.j.JMeter: Default Locale=English (EN)
2022-09-19 11:44:42,363 INFO o.a.j.JMeter: JMeter  Locale=English (EN)
2022-09-19 11:44:42,363 INFO o.a.j.JMeter: JMeterHome=/opt/homebrew/Cellar/jmeter/5.5/libexec
2022-09-19 11:44:42,363 INFO o.a.j.JMeter: user.dir  =/Users/osarnow/filecloud/git/ol-github/sarnow.no
2022-09-19 11:44:42,363 INFO o.a.j.JMeter: PWD       =/Users/osarnow/filecloud/git/ol-github/sarnow.no
2022-09-19 11:44:42,368 INFO o.a.j.JMeter: IP: 10.10.104.36 Name: osarnow FullName: 10.10.104.36
2022-09-19 11:44:42,372 INFO o.a.j.JMeter: Loaded icon properties from org/apache/jmeter/images/icon.properties
2022-09-19 11:44:42,556 INFO o.a.j.JMeterGuiLauncher: Setting LAF to: com.github.weisj.darklaf.DarkLaf:com.github.weisj.darklaf.theme.DarculaTheme
2022-09-19 11:44:43,615 INFO o.j.r.JARSourceHTTP: Found cached repo
2022-09-19 11:44:43,691 INFO o.j.r.PluginManager: Plugins Status: [jpgc-plugins-manager=1.7, jmeter-core=5.5, jmeter-ftp=5.5, jmeter-http=5.5, jmeter-jdbc=5.5, jmeter-jms=5.5, jmeter-junit=5.5, jmeter-java=5.5, jmeter-ldap=5.5, jmeter-mail=5.5, jmeter-mongodb=5.5, jmeter-native=5.5, jmeter-tcp=5.5, jmeter-components=5.5]
